{"/var/www/ng-repeat-fast/list-diff/index.js":{"path":"/var/www/ng-repeat-fast/list-diff/index.js","s":{"1":1,"2":1,"3":0,"4":1,"5":1,"6":0,"7":1,"8":1,"9":1,"10":1,"11":1,"12":1,"13":1,"14":0,"15":1,"16":14370,"17":4432,"18":9938,"19":1,"20":24,"21":24,"22":20061,"23":20037,"24":24,"25":24,"26":1,"27":20,"28":24,"29":24,"30":0,"31":0,"32":20,"33":1,"34":12,"35":12,"36":12,"37":12,"38":10,"39":10,"40":12,"41":12,"42":12,"43":12244,"44":12244,"45":12244,"46":1,"47":1,"48":12243,"49":2,"50":2,"51":12241,"52":7185,"53":7185,"54":7185,"55":7178,"56":7178,"57":7,"58":7,"59":7185,"60":7185,"61":7185,"62":4998,"63":4998,"64":7185,"65":4,"66":4,"67":4,"68":7185,"69":4940,"70":4940,"71":5056,"72":5056,"73":5056,"74":12,"75":1,"76":1,"77":1,"78":1,"79":1,"80":1,"81":1,"82":1},"b":{"1":[0,1],"2":[1,0],"3":[1,0],"4":[4432,9938],"5":[20037,24],"6":[0,24],"7":[24,1],"8":[0,0],"9":[10,2],"10":[12256,13],"11":[1,12243],"12":[2,12241],"13":[7185,5056],"14":[7178,7],"15":[4998,2187],"16":[4,7181],"17":[7185,2187],"18":[4940,2245]},"f":{"1":1,"2":1,"3":0,"4":14370,"5":24,"6":20,"7":12},"fnMap":{"1":{"name":"(anonymous_1)","line":1,"loc":{"start":{"line":1,"column":1},"end":{"line":1,"column":26}}},"2":{"name":"(anonymous_2)","line":13,"loc":{"start":{"line":13,"column":8},"end":{"line":13,"column":20}}},"3":{"name":"getUniqueKey","line":28,"loc":{"start":{"line":28,"column":4},"end":{"line":28,"column":28}}},"4":{"name":"maybe","line":38,"loc":{"start":{"line":38,"column":4},"end":{"line":38,"column":25}}},"5":{"name":"buildIndexMap","line":49,"loc":{"start":{"line":49,"column":4},"end":{"line":49,"column":44}}},"6":{"name":"hashListItems","line":67,"loc":{"start":{"line":67,"column":4},"end":{"line":67,"column":44}}},"7":{"name":"diff","line":94,"loc":{"start":{"line":94,"column":4},"end":{"line":94,"column":41}}}},"statementMap":{"1":{"start":{"line":1,"column":0},"end":{"line":179,"column":4}},"2":{"start":{"line":3,"column":4},"end":{"line":12,"column":5},"skip":true},"3":{"start":{"line":5,"column":8},"end":{"line":5,"column":42},"skip":true},"4":{"start":{"line":6,"column":11},"end":{"line":12,"column":5},"skip":true},"5":{"start":{"line":8,"column":8},"end":{"line":8,"column":35},"skip":true},"6":{"start":{"line":11,"column":8},"end":{"line":11,"column":30},"skip":true},"7":{"start":{"line":15,"column":4},"end":{"line":15,"column":41}},"8":{"start":{"line":17,"column":4},"end":{"line":17,"column":30}},"9":{"start":{"line":18,"column":4},"end":{"line":18,"column":25}},"10":{"start":{"line":19,"column":4},"end":{"line":19,"column":23}},"11":{"start":{"line":20,"column":4},"end":{"line":20,"column":26}},"12":{"start":{"line":22,"column":4},"end":{"line":22,"column":25}},"13":{"start":{"line":28,"column":4},"end":{"line":30,"column":5}},"14":{"start":{"line":29,"column":8},"end":{"line":29,"column":30}},"15":{"start":{"line":38,"column":4},"end":{"line":41,"column":5}},"16":{"start":{"line":39,"column":8},"end":{"line":39,"column":38}},"17":{"start":{"line":39,"column":29},"end":{"line":39,"column":38}},"18":{"start":{"line":40,"column":8},"end":{"line":40,"column":17}},"19":{"start":{"line":49,"column":4},"end":{"line":59,"column":5}},"20":{"start":{"line":50,"column":8},"end":{"line":50,"column":21}},"21":{"start":{"line":51,"column":8},"end":{"line":57,"column":9}},"22":{"start":{"line":52,"column":12},"end":{"line":56,"column":13}},"23":{"start":{"line":53,"column":16},"end":{"line":53,"column":44}},"24":{"start":{"line":55,"column":16},"end":{"line":55,"column":33}},"25":{"start":{"line":58,"column":8},"end":{"line":58,"column":19}},"26":{"start":{"line":67,"column":4},"end":{"line":77,"column":5}},"27":{"start":{"line":68,"column":8},"end":{"line":75,"column":9}},"28":{"start":{"line":69,"column":12},"end":{"line":69,"column":31}},"29":{"start":{"line":70,"column":12},"end":{"line":74,"column":13}},"30":{"start":{"line":71,"column":16},"end":{"line":73,"column":17}},"31":{"start":{"line":72,"column":20},"end":{"line":72,"column":53}},"32":{"start":{"line":76,"column":8},"end":{"line":76,"column":20}},"33":{"start":{"line":94,"column":4},"end":{"line":166,"column":5}},"34":{"start":{"line":95,"column":8},"end":{"line":95,"column":22}},"35":{"start":{"line":96,"column":8},"end":{"line":96,"column":22}},"36":{"start":{"line":97,"column":8},"end":{"line":97,"column":22}},"37":{"start":{"line":99,"column":8},"end":{"line":102,"column":9}},"38":{"start":{"line":100,"column":12},"end":{"line":100,"column":52}},"39":{"start":{"line":101,"column":12},"end":{"line":101,"column":52}},"40":{"start":{"line":104,"column":8},"end":{"line":104,"column":58}},"41":{"start":{"line":105,"column":8},"end":{"line":105,"column":58}},"42":{"start":{"line":107,"column":8},"end":{"line":163,"column":9}},"43":{"start":{"line":108,"column":12},"end":{"line":108,"column":39}},"44":{"start":{"line":109,"column":12},"end":{"line":109,"column":39}},"45":{"start":{"line":111,"column":12},"end":{"line":162,"column":13}},"46":{"start":{"line":113,"column":16},"end":{"line":113,"column":67}},"47":{"start":{"line":114,"column":16},"end":{"line":114,"column":24}},"48":{"start":{"line":116,"column":19},"end":{"line":162,"column":13}},"49":{"start":{"line":118,"column":16},"end":{"line":118,"column":67}},"50":{"start":{"line":119,"column":16},"end":{"line":119,"column":24}},"51":{"start":{"line":121,"column":19},"end":{"line":162,"column":13}},"52":{"start":{"line":123,"column":16},"end":{"line":123,"column":34}},"53":{"start":{"line":124,"column":16},"end":{"line":124,"column":34}},"54":{"start":{"line":126,"column":16},"end":{"line":132,"column":17}},"55":{"start":{"line":127,"column":20},"end":{"line":127,"column":81}},"56":{"start":{"line":128,"column":20},"end":{"line":128,"column":81}},"57":{"start":{"line":130,"column":20},"end":{"line":130,"column":70}},"58":{"start":{"line":131,"column":20},"end":{"line":131,"column":70}},"59":{"start":{"line":134,"column":16},"end":{"line":134,"column":53}},"60":{"start":{"line":135,"column":16},"end":{"line":135,"column":53}},"61":{"start":{"line":137,"column":16},"end":{"line":140,"column":17}},"62":{"start":{"line":138,"column":20},"end":{"line":138,"column":71}},"63":{"start":{"line":139,"column":20},"end":{"line":139,"column":28}},"64":{"start":{"line":142,"column":16},"end":{"line":151,"column":17}},"65":{"start":{"line":143,"column":20},"end":{"line":148,"column":23}},"66":{"start":{"line":149,"column":20},"end":{"line":149,"column":28}},"67":{"start":{"line":150,"column":20},"end":{"line":150,"column":28}},"68":{"start":{"line":153,"column":16},"end":{"line":156,"column":17}},"69":{"start":{"line":154,"column":20},"end":{"line":154,"column":71}},"70":{"start":{"line":155,"column":20},"end":{"line":155,"column":28}},"71":{"start":{"line":159,"column":16},"end":{"line":159,"column":72}},"72":{"start":{"line":160,"column":16},"end":{"line":160,"column":24}},"73":{"start":{"line":161,"column":16},"end":{"line":161,"column":24}},"74":{"start":{"line":165,"column":8},"end":{"line":165,"column":20}},"75":{"start":{"line":170,"column":4},"end":{"line":170,"column":42}},"76":{"start":{"line":171,"column":4},"end":{"line":171,"column":32}},"77":{"start":{"line":172,"column":4},"end":{"line":172,"column":28}},"78":{"start":{"line":173,"column":4},"end":{"line":173,"column":32}},"79":{"start":{"line":174,"column":4},"end":{"line":174,"column":37}},"80":{"start":{"line":175,"column":4},"end":{"line":175,"column":39}},"81":{"start":{"line":176,"column":4},"end":{"line":176,"column":39}},"82":{"start":{"line":178,"column":4},"end":{"line":178,"column":16}}},"branchMap":{"1":{"line":3,"type":"if","locations":[{"start":{"line":3,"column":4},"end":{"line":3,"column":4},"skip":true},{"start":{"line":3,"column":4},"end":{"line":3,"column":4},"skip":true}]},"2":{"line":3,"type":"binary-expr","locations":[{"start":{"line":3,"column":8},"end":{"line":3,"column":41},"skip":true},{"start":{"line":3,"column":45},"end":{"line":3,"column":60},"skip":true}]},"3":{"line":6,"type":"if","locations":[{"start":{"line":6,"column":11},"end":{"line":6,"column":11},"skip":true},{"start":{"line":6,"column":11},"end":{"line":6,"column":11},"skip":true}]},"4":{"line":39,"type":"if","locations":[{"start":{"line":39,"column":8},"end":{"line":39,"column":8}},{"start":{"line":39,"column":8},"end":{"line":39,"column":8}}]},"5":{"line":52,"type":"if","locations":[{"start":{"line":52,"column":12},"end":{"line":52,"column":12}},{"start":{"line":52,"column":12},"end":{"line":52,"column":12}}]},"6":{"line":70,"type":"if","locations":[{"start":{"line":70,"column":12},"end":{"line":70,"column":12}},{"start":{"line":70,"column":12},"end":{"line":70,"column":12}}]},"7":{"line":70,"type":"binary-expr","locations":[{"start":{"line":70,"column":16},"end":{"line":70,"column":40}},{"start":{"line":70,"column":44},"end":{"line":70,"column":57}}]},"8":{"line":71,"type":"if","locations":[{"start":{"line":71,"column":16},"end":{"line":71,"column":16}},{"start":{"line":71,"column":16},"end":{"line":71,"column":16}}]},"9":{"line":99,"type":"if","locations":[{"start":{"line":99,"column":8},"end":{"line":99,"column":8}},{"start":{"line":99,"column":8},"end":{"line":99,"column":8}}]},"10":{"line":107,"type":"binary-expr","locations":[{"start":{"line":107,"column":15},"end":{"line":107,"column":34}},{"start":{"line":107,"column":38},"end":{"line":107,"column":57}}]},"11":{"line":111,"type":"if","locations":[{"start":{"line":111,"column":12},"end":{"line":111,"column":12}},{"start":{"line":111,"column":12},"end":{"line":111,"column":12}}]},"12":{"line":116,"type":"if","locations":[{"start":{"line":116,"column":19},"end":{"line":116,"column":19}},{"start":{"line":116,"column":19},"end":{"line":116,"column":19}}]},"13":{"line":121,"type":"if","locations":[{"start":{"line":121,"column":19},"end":{"line":121,"column":19}},{"start":{"line":121,"column":19},"end":{"line":121,"column":19}}]},"14":{"line":126,"type":"if","locations":[{"start":{"line":126,"column":16},"end":{"line":126,"column":16}},{"start":{"line":126,"column":16},"end":{"line":126,"column":16}}]},"15":{"line":137,"type":"if","locations":[{"start":{"line":137,"column":16},"end":{"line":137,"column":16}},{"start":{"line":137,"column":16},"end":{"line":137,"column":16}}]},"16":{"line":142,"type":"if","locations":[{"start":{"line":142,"column":16},"end":{"line":142,"column":16}},{"start":{"line":142,"column":16},"end":{"line":142,"column":16}}]},"17":{"line":142,"type":"binary-expr","locations":[{"start":{"line":142,"column":20},"end":{"line":142,"column":30}},{"start":{"line":142,"column":34},"end":{"line":142,"column":44}}]},"18":{"line":153,"type":"if","locations":[{"start":{"line":153,"column":16},"end":{"line":153,"column":16}},{"start":{"line":153,"column":16},"end":{"line":153,"column":16}}]}}}}