TN:
SF:/var/www/ng-repeat-fast/list-diff/index.js
FN:1,(anonymous_1)
FN:13,(anonymous_2)
FN:28,getUniqueKey
FN:38,maybe
FN:49,buildIndexMap
FN:67,hashListItems
FN:94,diff
FNF:7
FNH:6
FNDA:1,(anonymous_1)
FNDA:1,(anonymous_2)
FNDA:0,getUniqueKey
FNDA:14370,maybe
FNDA:24,buildIndexMap
FNDA:20,hashListItems
FNDA:12,diff
DA:1,1
DA:3,1
DA:5,1
DA:6,1
DA:8,1
DA:11,1
DA:15,1
DA:17,1
DA:18,1
DA:19,1
DA:20,1
DA:22,1
DA:28,1
DA:29,0
DA:38,1
DA:39,14370
DA:40,9938
DA:49,1
DA:50,24
DA:51,24
DA:52,20061
DA:53,20037
DA:55,24
DA:58,24
DA:67,1
DA:68,20
DA:69,24
DA:70,24
DA:71,0
DA:72,0
DA:76,20
DA:94,1
DA:95,12
DA:96,12
DA:97,12
DA:99,12
DA:100,10
DA:101,10
DA:104,12
DA:105,12
DA:107,12
DA:108,12244
DA:109,12244
DA:111,12244
DA:113,1
DA:114,1
DA:116,12243
DA:118,2
DA:119,2
DA:121,12241
DA:123,7185
DA:124,7185
DA:126,7185
DA:127,7178
DA:128,7178
DA:130,7
DA:131,7
DA:134,7185
DA:135,7185
DA:137,7185
DA:138,4998
DA:139,4998
DA:142,7185
DA:143,4
DA:149,4
DA:150,4
DA:153,7185
DA:154,4940
DA:155,4940
DA:159,5056
DA:160,5056
DA:161,5056
DA:165,12
DA:170,1
DA:171,1
DA:172,1
DA:173,1
DA:174,1
DA:175,1
DA:176,1
DA:178,1
LF:81
LH:78
BRDA:3,1,0,0
BRDA:3,1,1,1
BRDA:3,2,0,1
BRDA:3,2,1,0
BRDA:6,3,0,1
BRDA:6,3,1,0
BRDA:39,4,0,4432
BRDA:39,4,1,9938
BRDA:52,5,0,20037
BRDA:52,5,1,24
BRDA:70,6,0,0
BRDA:70,6,1,24
BRDA:70,7,0,24
BRDA:70,7,1,1
BRDA:71,8,0,0
BRDA:71,8,1,0
BRDA:99,9,0,10
BRDA:99,9,1,2
BRDA:107,10,0,12256
BRDA:107,10,1,13
BRDA:111,11,0,1
BRDA:111,11,1,12243
BRDA:116,12,0,2
BRDA:116,12,1,12241
BRDA:121,13,0,7185
BRDA:121,13,1,5056
BRDA:126,14,0,7178
BRDA:126,14,1,7
BRDA:137,15,0,4998
BRDA:137,15,1,2187
BRDA:142,16,0,4
BRDA:142,16,1,7181
BRDA:142,17,0,7185
BRDA:142,17,1,2187
BRDA:153,18,0,4940
BRDA:153,18,1,2245
BRF:36
BRH:33
end_of_record
